<?xml version="1.0" encoding="UTF-8"?>
<testng-results skipped="0" failed="0" ignored="0" total="1" passed="1">
  <reporter-output>
  </reporter-output>
  <suite name="Default suite" duration-ms="100411" started-at="2019-02-18T10:50:38Z" finished-at="2019-02-18T10:52:18Z">
    <groups>
    </groups>
    <test name="Default test" duration-ms="100411" started-at="2019-02-18T10:50:38Z" finished-at="2019-02-18T10:52:18Z">
      <class name="com.training.sanity.tests.VerifyCredentialsTest">
        <test-method status="PASS" signature="setUpBeforeClass()[pri:0, instance:com.training.sanity.tests.VerifyCredentialsTest@3bfdc050]" name="setUpBeforeClass" is-config="true" duration-ms="20" started-at="2019-02-18T10:50:38Z" finished-at="2019-02-18T10:50:38Z">
          <reporter-output>
          </reporter-output>
        </test-method> <!-- setUpBeforeClass -->
        <test-method status="PASS" signature="setUp()[pri:0, instance:com.training.sanity.tests.VerifyCredentialsTest@3bfdc050]" name="setUp" is-config="true" duration-ms="88183" started-at="2019-02-18T10:50:38Z" finished-at="2019-02-18T10:52:06Z">
          <reporter-output>
          </reporter-output>
        </test-method> <!-- setUp -->
        <test-method status="PASS" signature="verifyCredentialsTest()[pri:0, instance:com.training.sanity.tests.VerifyCredentialsTest@3bfdc050]" name="verifyCredentialsTest" duration-ms="10476" started-at="2019-02-18T10:52:06Z" finished-at="2019-02-18T10:52:16Z">
          <reporter-output>
          </reporter-output>
        </test-method> <!-- verifyCredentialsTest -->
        <test-method status="PASS" signature="tearDown()[pri:0, instance:com.training.sanity.tests.VerifyCredentialsTest@3bfdc050]" name="tearDown" is-config="true" duration-ms="1711" started-at="2019-02-18T10:52:16Z" finished-at="2019-02-18T10:52:18Z">
          <reporter-output>
          </reporter-output>
        </test-method> <!-- tearDown -->
      </class> <!-- com.training.sanity.tests.VerifyCredentialsTest -->
    </test> <!-- Default test -->
  </suite> <!-- Default suite -->
</testng-results>
