<?xml version="1.0" encoding="UTF-8"?>
<testng-results skipped="0" failed="0" ignored="0" total="1" passed="1">
  <reporter-output>
  </reporter-output>
  <suite name="Default suite" duration-ms="55533" started-at="2019-03-04T12:33:51Z" finished-at="2019-03-04T12:34:46Z">
    <groups>
    </groups>
    <test name="Default test" duration-ms="55533" started-at="2019-03-04T12:33:51Z" finished-at="2019-03-04T12:34:46Z">
      <class name="com.training.sanity.tests.RTTC_065_Test">
        <test-method status="PASS" signature="setUpBeforeClass()[pri:0, instance:com.training.sanity.tests.RTTC_065_Test@3bfdc050]" name="setUpBeforeClass" is-config="true" duration-ms="22" started-at="2019-03-04T12:33:51Z" finished-at="2019-03-04T12:33:51Z">
          <reporter-output>
          </reporter-output>
        </test-method> <!-- setUpBeforeClass -->
        <test-method status="PASS" signature="setUp()[pri:0, instance:com.training.sanity.tests.RTTC_065_Test@3bfdc050]" name="setUp" is-config="true" duration-ms="13018" started-at="2019-03-04T12:33:51Z" finished-at="2019-03-04T12:34:04Z">
          <reporter-output>
          </reporter-output>
        </test-method> <!-- setUp -->
        <test-method status="PASS" signature="rTTC_065_Test()[pri:0, instance:com.training.sanity.tests.RTTC_065_Test@3bfdc050]" name="rTTC_065_Test" duration-ms="41453" started-at="2019-03-04T12:34:04Z" finished-at="2019-03-04T12:34:45Z">
          <reporter-output>
          </reporter-output>
        </test-method> <!-- rTTC_065_Test -->
        <test-method status="PASS" signature="tearDown()[pri:0, instance:com.training.sanity.tests.RTTC_065_Test@3bfdc050]" name="tearDown" is-config="true" duration-ms="1005" started-at="2019-03-04T12:34:45Z" finished-at="2019-03-04T12:34:46Z">
          <reporter-output>
          </reporter-output>
        </test-method> <!-- tearDown -->
      </class> <!-- com.training.sanity.tests.RTTC_065_Test -->
    </test> <!-- Default test -->
  </suite> <!-- Default suite -->
</testng-results>
